<?xml version="1.0" encoding="UTF-8"?>
<testsuite xmlns:xsi="http://www.w3.org/2001/XMLSchema-instance" xsi:noNamespaceSchemaLocation="https://maven.apache.org/surefire/maven-surefire-plugin/xsd/surefire-test-report-3.0.xsd" version="3.0" name="runner.testrunner" time="8.614" tests="1" errors="0" skipped="0" failures="0">
  <properties>
[...]
</properties>
  <testcase name="Successive blocks should be well chained" classname="Blocks Chaining" time="8.412">
    <system-out><![CDATA[
Scenario: Successive blocks should be well chained                  # src/test/resources/features/test_block_chain.feature:4
  Given the initial block number 15                                 # step_definitions.BlockChainStepDefinitions.theInitialBlockNumber(int)
  When I check the next 5 blocks                                    # step_definitions.BlockChainStepDefinitions.iCheckTheNextBlocks(int)
  Then I should be able to follow the chain up to the initial block # step_definitions.BlockChainStepDefinitions.iShouldBeAbleToFollowTheChainUpToTheInitialBlock()
]]></system-out>
    <system-err><![CDATA[Starting ChromeDriver 98.0.4758.80 (7f0488e8ba0d8e019187c6325a16c29d9b7f4989-refs/branch-heads/4758@{#972}) on port 30488
Only local connections are allowed.
Please see https://chromedriver.chromium.org/security-considerations for suggestions on keeping ChromeDriver safe.
ChromeDriver was started successfully.
Feb 13, 2022 12:16:55 PM org.openqa.selenium.remote.ProtocolHandshake createSession
INFO: Detected dialect: W3C
]]></system-err>
  </testcase>
</testsuite>